<?xml version="1.0" encoding="UTF-8"?>
<!-- Generated by org.testng.reporters.JUnitReportReporter -->
<testsuite skipped="0" hostname="AHADUJJAMAN" name="fedex.RunnerTest.FedExRunner$RunCucumberTest" tests="13" failures="0" timestamp="2021-01-29T21:46:14 EST" time="356.027" errors="2">
  <testcase name="runScenario" time="17.762" classname="fedex.RunnerTest.FedExRunner$RunCucumberTest"/>
  <system-out/>
  <testcase name="runScenario" time="14.845" classname="fedex.RunnerTest.FedExRunner$RunCucumberTest"/>
  <system-out/>
  <testcase name="runScenario" time="18.926" classname="fedex.RunnerTest.FedExRunner$RunCucumberTest"/>
  <system-out/>
  <testcase name="runScenario" time="18.814" classname="fedex.RunnerTest.FedExRunner$RunCucumberTest"/>
  <system-out/>
  <testcase name="runScenario" time="27.933" classname="fedex.RunnerTest.FedExRunner$RunCucumberTest"/>
  <system-out/>
  <testcase name="runScenario" time="17.468" classname="fedex.RunnerTest.FedExRunner$RunCucumberTest"/>
  <system-out/>
  <testcase name="runScenario" time="26.645" classname="fedex.RunnerTest.FedExRunner$RunCucumberTest"/>
  <system-out/>
  <testcase name="runScenario" time="25.323" classname="fedex.RunnerTest.FedExRunner$RunCucumberTest"/>
  <system-out/>
  <testcase name="runScenario" time="73.189" classname="fedex.RunnerTest.FedExRunner$RunCucumberTest">
    <error type="org.openqa.selenium.NoSuchElementException" message="no such element: Unable to locate element: {&quot;method&quot;:&quot;xpath&quot;,&quot;selector&quot;:&quot;//*[@id=&quot;shippingToResidenceAddressLabel&quot;]&quot;}
  (Session info: chrome=88.0.4324.104)
For documentation on this error, please visit: https://www.seleniumhq.org/exceptions/no_such_element.html
Build info: version: &#039;3.141.59&#039;, revision: &#039;e82be7d358&#039;, time: &#039;2018-11-14T08:17:03&#039;
System info: host: &#039;AHADUJJAMAN&#039;, ip: &#039;192.168.1.206&#039;, os.name: &#039;Windows 10&#039;, os.arch: &#039;amd64&#039;, os.version: &#039;10.0&#039;, java.version: &#039;1.8.0_111&#039;
Driver info: org.openqa.selenium.chrome.ChromeDriver
Capabilities {acceptInsecureCerts: false, browserName: chrome, browserVersion: 88.0.4324.104, chrome: {chromedriverVersion: 88.0.4324.96 (68dba2d8a0b14..., userDataDir: C:\Users\RONY\AppData\Local...}, goog:chromeOptions: {debuggerAddress: localhost:11519}, javascriptEnabled: true, networkConnectionEnabled: false, pageLoadStrategy: normal, platform: WINDOWS, platformName: WINDOWS, proxy: Proxy(), setWindowRect: true, strictFileInteractability: false, timeouts: {implicit: 0, pageLoad: 300000, script: 30000}, unhandledPromptBehavior: dismiss and notify, webauthn:extension:largeBlob: true, webauthn:virtualAuthenticators: true}
Session ID: 36c6eb6e0f9931140e3512e752e915a5
*** Element info: {Using=xpath, value=//*[@id=&quot;shippingToResidenceAddressLabel&quot;]}">
      <![CDATA[org.openqa.selenium.NoSuchElementException: no such element: Unable to locate element: {"method":"xpath","selector":"//*[@id="shippingToResidenceAddressLabel"]"}
  (Session info: chrome=88.0.4324.104)
For documentation on this error, please visit: https://www.seleniumhq.org/exceptions/no_such_element.html
Build info: version: '3.141.59', revision: 'e82be7d358', time: '2018-11-14T08:17:03'
System info: host: 'AHADUJJAMAN', ip: '192.168.1.206', os.name: 'Windows 10', os.arch: 'amd64', os.version: '10.0', java.version: '1.8.0_111'
Driver info: org.openqa.selenium.chrome.ChromeDriver
Capabilities {acceptInsecureCerts: false, browserName: chrome, browserVersion: 88.0.4324.104, chrome: {chromedriverVersion: 88.0.4324.96 (68dba2d8a0b14..., userDataDir: C:\Users\RONY\AppData\Local...}, goog:chromeOptions: {debuggerAddress: localhost:11519}, javascriptEnabled: true, networkConnectionEnabled: false, pageLoadStrategy: normal, platform: WINDOWS, platformName: WINDOWS, proxy: Proxy(), setWindowRect: true, strictFileInteractability: false, timeouts: {implicit: 0, pageLoad: 300000, script: 30000}, unhandledPromptBehavior: dismiss and notify, webauthn:extension:largeBlob: true, webauthn:virtualAuthenticators: true}
Session ID: 36c6eb6e0f9931140e3512e752e915a5
*** Element info: {Using=xpath, value=//*[@id="shippingToResidenceAddressLabel"]}
at sun.reflect.NativeConstructorAccessorImpl.newInstance0(Native Method)
at sun.reflect.NativeConstructorAccessorImpl.newInstance(NativeConstructorAccessorImpl.java:62)
at sun.reflect.DelegatingConstructorAccessorImpl.newInstance(DelegatingConstructorAccessorImpl.java:45)
at java.lang.reflect.Constructor.newInstance(Constructor.java:423)
at org.openqa.selenium.remote.http.W3CHttpResponseCodec.createException(W3CHttpResponseCodec.java:187)
at org.openqa.selenium.remote.http.W3CHttpResponseCodec.decode(W3CHttpResponseCodec.java:122)
at org.openqa.selenium.remote.http.W3CHttpResponseCodec.decode(W3CHttpResponseCodec.java:49)
at org.openqa.selenium.remote.HttpCommandExecutor.execute(HttpCommandExecutor.java:158)
at org.openqa.selenium.remote.service.DriverCommandExecutor.execute(DriverCommandExecutor.java:83)
at org.openqa.selenium.remote.RemoteWebDriver.execute(RemoteWebDriver.java:552)
at org.openqa.selenium.remote.RemoteWebDriver.findElement(RemoteWebDriver.java:323)
at org.openqa.selenium.remote.RemoteWebDriver.findElementByXPath(RemoteWebDriver.java:428)
at org.openqa.selenium.By$ByXPath.findElement(By.java:353)
at org.openqa.selenium.remote.RemoteWebDriver.findElement(RemoteWebDriver.java:315)
at org.openqa.selenium.support.pagefactory.DefaultElementLocator.findElement(DefaultElementLocator.java:69)
at org.openqa.selenium.support.pagefactory.internal.LocatingElementHandler.invoke(LocatingElementHandler.java:38)
at com.sun.proxy.$Proxy21.isDisplayed(Unknown Source)
at fedex.Actions.ShipRateActions.check(ShipRateActions.java:56)
at fedex.StepDefinition.ShipRateStepDef.click_on_checkbox(ShipRateStepDef.java:26)
at ✽.click on checkbox(file:///C:/Users/RONY/git/FedExFN/FedExProjectFN/src/test/resources/Features/10ShipRate.feature:7)
]]>
    </error>
  </testcase> <!-- runScenario -->
  <system-out/>
  <testcase name="runScenario" time="28.004" classname="fedex.RunnerTest.FedExRunner$RunCucumberTest">
    <error type="org.openqa.selenium.NoSuchElementException" message="no such element: Unable to locate element: {&quot;method&quot;:&quot;xpath&quot;,&quot;selector&quot;:&quot;/html/body/main/div/div[3]/div[4]/div/table[2]/thead/tr/th[4]/div[3]/div/a&quot;}
  (Session info: chrome=88.0.4324.104)
For documentation on this error, please visit: https://www.seleniumhq.org/exceptions/no_such_element.html
Build info: version: &#039;3.141.59&#039;, revision: &#039;e82be7d358&#039;, time: &#039;2018-11-14T08:17:03&#039;
System info: host: &#039;AHADUJJAMAN&#039;, ip: &#039;192.168.1.206&#039;, os.name: &#039;Windows 10&#039;, os.arch: &#039;amd64&#039;, os.version: &#039;10.0&#039;, java.version: &#039;1.8.0_111&#039;
Driver info: org.openqa.selenium.chrome.ChromeDriver
Capabilities {acceptInsecureCerts: false, browserName: chrome, browserVersion: 88.0.4324.104, chrome: {chromedriverVersion: 88.0.4324.96 (68dba2d8a0b14..., userDataDir: C:\Users\RONY\AppData\Local...}, goog:chromeOptions: {debuggerAddress: localhost:12069}, javascriptEnabled: true, networkConnectionEnabled: false, pageLoadStrategy: normal, platform: WINDOWS, platformName: WINDOWS, proxy: Proxy(), setWindowRect: true, strictFileInteractability: false, timeouts: {implicit: 0, pageLoad: 300000, script: 30000}, unhandledPromptBehavior: dismiss and notify, webauthn:extension:largeBlob: true, webauthn:virtualAuthenticators: true}
Session ID: afa3cd87b116313ef6e196d82a4adb26
*** Element info: {Using=xpath, value=/html/body/main/div/div[3]/div[4]/div/table[2]/thead/tr/th[4]/div[3]/div/a}">
      <![CDATA[org.openqa.selenium.NoSuchElementException: no such element: Unable to locate element: {"method":"xpath","selector":"/html/body/main/div/div[3]/div[4]/div/table[2]/thead/tr/th[4]/div[3]/div/a"}
  (Session info: chrome=88.0.4324.104)
For documentation on this error, please visit: https://www.seleniumhq.org/exceptions/no_such_element.html
Build info: version: '3.141.59', revision: 'e82be7d358', time: '2018-11-14T08:17:03'
System info: host: 'AHADUJJAMAN', ip: '192.168.1.206', os.name: 'Windows 10', os.arch: 'amd64', os.version: '10.0', java.version: '1.8.0_111'
Driver info: org.openqa.selenium.chrome.ChromeDriver
Capabilities {acceptInsecureCerts: false, browserName: chrome, browserVersion: 88.0.4324.104, chrome: {chromedriverVersion: 88.0.4324.96 (68dba2d8a0b14..., userDataDir: C:\Users\RONY\AppData\Local...}, goog:chromeOptions: {debuggerAddress: localhost:12069}, javascriptEnabled: true, networkConnectionEnabled: false, pageLoadStrategy: normal, platform: WINDOWS, platformName: WINDOWS, proxy: Proxy(), setWindowRect: true, strictFileInteractability: false, timeouts: {implicit: 0, pageLoad: 300000, script: 30000}, unhandledPromptBehavior: dismiss and notify, webauthn:extension:largeBlob: true, webauthn:virtualAuthenticators: true}
Session ID: afa3cd87b116313ef6e196d82a4adb26
*** Element info: {Using=xpath, value=/html/body/main/div/div[3]/div[4]/div/table[2]/thead/tr/th[4]/div[3]/div/a}
at sun.reflect.NativeConstructorAccessorImpl.newInstance0(Native Method)
at sun.reflect.NativeConstructorAccessorImpl.newInstance(NativeConstructorAccessorImpl.java:62)
at sun.reflect.DelegatingConstructorAccessorImpl.newInstance(DelegatingConstructorAccessorImpl.java:45)
at java.lang.reflect.Constructor.newInstance(Constructor.java:423)
at org.openqa.selenium.remote.http.W3CHttpResponseCodec.createException(W3CHttpResponseCodec.java:187)
at org.openqa.selenium.remote.http.W3CHttpResponseCodec.decode(W3CHttpResponseCodec.java:122)
at org.openqa.selenium.remote.http.W3CHttpResponseCodec.decode(W3CHttpResponseCodec.java:49)
at org.openqa.selenium.remote.HttpCommandExecutor.execute(HttpCommandExecutor.java:158)
at org.openqa.selenium.remote.service.DriverCommandExecutor.execute(DriverCommandExecutor.java:83)
at org.openqa.selenium.remote.RemoteWebDriver.execute(RemoteWebDriver.java:552)
at org.openqa.selenium.remote.RemoteWebDriver.findElement(RemoteWebDriver.java:323)
at org.openqa.selenium.remote.RemoteWebDriver.findElementByXPath(RemoteWebDriver.java:428)
at org.openqa.selenium.By$ByXPath.findElement(By.java:353)
at org.openqa.selenium.remote.RemoteWebDriver.findElement(RemoteWebDriver.java:315)
at org.openqa.selenium.support.pagefactory.DefaultElementLocator.findElement(DefaultElementLocator.java:69)
at org.openqa.selenium.support.pagefactory.internal.LocatingElementHandler.invoke(LocatingElementHandler.java:38)
at com.sun.proxy.$Proxy21.click(Unknown Source)
at fedex.Actions.ShippingActions.returnPkg(ShippingActions.java:28)
at fedex.StepDefinition.ShippingStepDef.click_on_return_pkg(ShippingStepDef.java:20)
at ✽.click on return pkg(file:///C:/Users/RONY/git/FedExFN/FedExProjectFN/src/test/resources/Features/4Shipping.feature:6)
]]>
    </error>
  </testcase> <!-- runScenario -->
  <system-out/>
  <testcase name="runScenario" time="20.632" classname="fedex.RunnerTest.FedExRunner$RunCucumberTest"/>
  <system-out/>
  <testcase name="runScenario" time="48.550" classname="fedex.RunnerTest.FedExRunner$RunCucumberTest"/>
  <system-out/>
  <testcase name="runScenario" time="17.936" classname="fedex.RunnerTest.FedExRunner$RunCucumberTest"/>
  <system-out/>
</testsuite> <!-- fedex.RunnerTest.FedExRunner$RunCucumberTest -->
