<?xml version="1.0" encoding="UTF-8"?>
<testsuite xmlns:xsi="http://www.w3.org/2001/XMLSchema-instance" xsi:noNamespaceSchemaLocation="https://maven.apache.org/surefire/maven-surefire-plugin/xsd/surefire-test-report-3.0.xsd" version="3.0" name="s.RunnerTest.FedRunner" time="16.65" tests="1" errors="0" skipped="0" failures="0">
  <properties>
[...]
</properties>
  <testcase name="runScenario[&quot;As a user I should be able to Track Shipment&quot;, &quot;Tracking progress of shipment&quot;](1)" classname="s.RunnerTest.FedRunner$RunCucumberTest" time="15.063">
    <system-out><![CDATA[
@Sanity1
Scenario: As a user I should be able to Track Shipment # src/test/resources/Features/Tracking.feature:5
..Chrome Driver initialization..
..Chrome Driver initialized..
scen.getName()
  Given https://www.fedex.com/en-bd/home.html          # s.fedStepDef.TrackStepDef.https_www_fedex_com_en_bd_home_html()
  When insert valid  tracking ID Number                # s.fedStepDef.TrackStepDef.insert_valid_tracking_ID_Number()
  And click on TRACK                                   # s.fedStepDef.TrackStepDef.click_on_TRACK()
  Then Displayed progress of the shipment              # s.fedStepDef.TrackStepDef.displayed_progress_of_the_shipment()
..Test End..
]]></system-out>
    <system-err><![CDATA[Jan 12, 2021 8:31:30 PM io.cucumber.testng.TestNGCucumberRunner <init>
WARNING: By default Cucumber is running in --non-strict mode.
This default will change to --strict and --non-strict will be removed.
You can use --strict or @CucumberOptions(strict = true) to suppress this warning
SLF4J: Failed to load class "org.slf4j.impl.StaticLoggerBinder".
SLF4J: Defaulting to no-operation (NOP) logger implementation
SLF4J: See http://www.slf4j.org/codes.html#StaticLoggerBinder for further details.
Starting ChromeDriver 87.0.4280.88 (89e2380a3e36c3464b5dd1302349b1382549290d-refs/branch-heads/4280@{#1761}) on port 42471
Only local connections are allowed.
Please see https://chromedriver.chromium.org/security-considerations for suggestions on keeping ChromeDriver safe.
ChromeDriver was started successfully.
Jan 12, 2021 8:31:38 PM org.openqa.selenium.remote.ProtocolHandshake createSession
INFO: Detected dialect: W3C
]]></system-err>
  </testcase>
</testsuite>