<?xml version="1.0" encoding="UTF-8"?>
<testsuite xmlns:xsi="http://www.w3.org/2001/XMLSchema-instance" xsi:noNamespaceSchemaLocation="https://maven.apache.org/surefire/maven-surefire-plugin/xsd/surefire-test-report-3.0.xsd" version="3.0" name="fedex.RunnerTest.FedExRunner" time="361.012" tests="13" errors="0" skipped="0" failures="2">
  <properties>
[...]
</properties>
  <testcase name="runScenario[&quot;As a user I should be able to find price options for shipments.&quot;, &quot;Verify price quotes and available options for shipments&quot;](1)" classname="fedex.RunnerTest.FedExRunner$RunCucumberTest" time="73.304">
    <failure message="no such element: Unable to locate element: {&quot;method&quot;:&quot;xpath&quot;,&quot;selector&quot;:&quot;//*[@id=&quot;shippingToResidenceAddressLabel&quot;]&quot;}&#10;  (Session info: chrome=88.0.4324.104)&#10;For documentation on this error, please visit: https://www.seleniumhq.org/exceptions/no_such_element.html&#10;Build info: version: &apos;3.141.59&apos;, revision: &apos;e82be7d358&apos;, time: &apos;2018-11-14T08:17:03&apos;&#10;System info: host: &apos;AHADUJJAMAN&apos;, ip: &apos;192.168.1.206&apos;, os.name: &apos;Windows 10&apos;, os.arch: &apos;amd64&apos;, os.version: &apos;10.0&apos;, java.version: &apos;1.8.0_111&apos;&#10;Driver info: org.openqa.selenium.chrome.ChromeDriver&#10;Capabilities {acceptInsecureCerts: false, browserName: chrome, browserVersion: 88.0.4324.104, chrome: {chromedriverVersion: 88.0.4324.96 (68dba2d8a0b14..., userDataDir: C:\Users\RONY\AppData\Local...}, goog:chromeOptions: {debuggerAddress: localhost:11519}, javascriptEnabled: true, networkConnectionEnabled: false, pageLoadStrategy: normal, platform: WINDOWS, platformName: WINDOWS, proxy: Proxy(), setWindowRect: true, strictFileInteractability: false, timeouts: {implicit: 0, pageLoad: 300000, script: 30000}, unhandledPromptBehavior: dismiss and notify, webauthn:extension:largeBlob: true, webauthn:virtualAuthenticators: true}&#10;Session ID: 36c6eb6e0f9931140e3512e752e915a5&#10;*** Element info: {Using=xpath, value=//*[@id=&quot;shippingToResidenceAddressLabel&quot;]}" type="org.openqa.selenium.NoSuchElementException"><![CDATA[org.openqa.selenium.NoSuchElementException: 
no such element: Unable to locate element: {"method":"xpath","selector":"//*[@id="shippingToResidenceAddressLabel"]"}
  (Session info: chrome=88.0.4324.104)
For documentation on this error, please visit: https://www.seleniumhq.org/exceptions/no_such_element.html
Build info: version: '3.141.59', revision: 'e82be7d358', time: '2018-11-14T08:17:03'
System info: host: 'AHADUJJAMAN', ip: '192.168.1.206', os.name: 'Windows 10', os.arch: 'amd64', os.version: '10.0', java.version: '1.8.0_111'
Driver info: org.openqa.selenium.chrome.ChromeDriver
Capabilities {acceptInsecureCerts: false, browserName: chrome, browserVersion: 88.0.4324.104, chrome: {chromedriverVersion: 88.0.4324.96 (68dba2d8a0b14..., userDataDir: C:\Users\RONY\AppData\Local...}, goog:chromeOptions: {debuggerAddress: localhost:11519}, javascriptEnabled: true, networkConnectionEnabled: false, pageLoadStrategy: normal, platform: WINDOWS, platformName: WINDOWS, proxy: Proxy(), setWindowRect: true, strictFileInteractability: false, timeouts: {implicit: 0, pageLoad: 300000, script: 30000}, unhandledPromptBehavior: dismiss and notify, webauthn:extension:largeBlob: true, webauthn:virtualAuthenticators: true}
Session ID: 36c6eb6e0f9931140e3512e752e915a5
*** Element info: {Using=xpath, value=//*[@id="shippingToResidenceAddressLabel"]}
]]></failure>
    <system-out><![CDATA[
@Sprint1
Scenario: As a user I should be able to find price options for shipments. # src/test/resources/Features/10ShipRate.feature:3
..Chrome Driver initialization..
..Chrome Driver initialized..
scen.getName()
  Given user navigate the url                                             # fedex.StepDefinition.CreatePrintProfileStepDef.user_navigate_the_url()
  When User clicks on Rate & Ship                                         # fedex.StepDefinition.ShipRateStepDef.user_clicks_on_Rate_Ship()
  And Input from and to                                                   # fedex.StepDefinition.ShipRateStepDef.input_from_and_to()
  And click on checkbox                                                   # fedex.StepDefinition.ShipRateStepDef.click_on_checkbox()
      org.openqa.selenium.NoSuchElementException: no such element: Unable to locate element: {"method":"xpath","selector":"//*[@id="shippingToResidenceAddressLabel"]"}
  (Session info: chrome=88.0.4324.104)
For documentation on this error, please visit: https://www.seleniumhq.org/exceptions/no_such_element.html
Build info: version: '3.141.59', revision: 'e82be7d358', time: '2018-11-14T08:17:03'
System info: host: 'AHADUJJAMAN', ip: '192.168.1.206', os.name: 'Windows 10', os.arch: 'amd64', os.version: '10.0', java.version: '1.8.0_111'
Driver info: org.openqa.selenium.chrome.ChromeDriver
Capabilities {acceptInsecureCerts: false, browserName: chrome, browserVersion: 88.0.4324.104, chrome: {chromedriverVersion: 88.0.4324.96 (68dba2d8a0b14..., userDataDir: C:\Users\RONY\AppData\Local...}, goog:chromeOptions: {debuggerAddress: localhost:11519}, javascriptEnabled: true, networkConnectionEnabled: false, pageLoadStrategy: normal, platform: WINDOWS, platformName: WINDOWS, proxy: Proxy(), setWindowRect: true, strictFileInteractability: false, timeouts: {implicit: 0, pageLoad: 300000, script: 30000}, unhandledPromptBehavior: dismiss and notify, webauthn:extension:largeBlob: true, webauthn:virtualAuthenticators: true}
Session ID: 36c6eb6e0f9931140e3512e752e915a5
*** Element info: {Using=xpath, value=//*[@id="shippingToResidenceAddressLabel"]}
	at sun.reflect.NativeConstructorAccessorImpl.newInstance0(Native Method)
	at sun.reflect.NativeConstructorAccessorImpl.newInstance(NativeConstructorAccessorImpl.java:62)
	at sun.reflect.DelegatingConstructorAccessorImpl.newInstance(DelegatingConstructorAccessorImpl.java:45)
	at java.lang.reflect.Constructor.newInstance(Constructor.java:423)
	at org.openqa.selenium.remote.http.W3CHttpResponseCodec.createException(W3CHttpResponseCodec.java:187)
	at org.openqa.selenium.remote.http.W3CHttpResponseCodec.decode(W3CHttpResponseCodec.java:122)
	at org.openqa.selenium.remote.http.W3CHttpResponseCodec.decode(W3CHttpResponseCodec.java:49)
	at org.openqa.selenium.remote.HttpCommandExecutor.execute(HttpCommandExecutor.java:158)
	at org.openqa.selenium.remote.service.DriverCommandExecutor.execute(DriverCommandExecutor.java:83)
	at org.openqa.selenium.remote.RemoteWebDriver.execute(RemoteWebDriver.java:552)
	at org.openqa.selenium.remote.RemoteWebDriver.findElement(RemoteWebDriver.java:323)
	at org.openqa.selenium.remote.RemoteWebDriver.findElementByXPath(RemoteWebDriver.java:428)
	at org.openqa.selenium.By$ByXPath.findElement(By.java:353)
	at org.openqa.selenium.remote.RemoteWebDriver.findElement(RemoteWebDriver.java:315)
	at org.openqa.selenium.support.pagefactory.DefaultElementLocator.findElement(DefaultElementLocator.java:69)
	at org.openqa.selenium.support.pagefactory.internal.LocatingElementHandler.invoke(LocatingElementHandler.java:38)
	at com.sun.proxy.$Proxy21.isDisplayed(Unknown Source)
	at fedex.Actions.ShipRateActions.check(ShipRateActions.java:56)
	at fedex.StepDefinition.ShipRateStepDef.click_on_checkbox(ShipRateStepDef.java:26)
	at ?.click on checkbox(file:///C:/Users/RONY/git/FedExFN/FedExProjectFN/src/test/resources/Features/10ShipRate.feature:7)

  And Selects packaging option from drop-down list.                       # fedex.StepDefinition.ShipRateStepDef.selects_packaging_option_from_drop_down_list()
  And Selects number of pkg , lb                                          # fedex.StepDefinition.ShipRateStepDef.selects_number_of_pkg_lb()
  And Inserts length weight height per packagee                           # fedex.StepDefinition.ShipRateStepDef.inserts_length_weight_height_per_packagee()
  And Selects ship-date from drop-down list                               # fedex.StepDefinition.ShipRateStepDef.selects_ship_date_from_drop_down_list()
  And Click Show Rates                                                    # fedex.StepDefinition.ShipRateStepDef.click_Show_Rates()
  Then FedEx Retails rates shows                                          # fedex.StepDefinition.ShipRateStepDef.fedex_Retails_rates_shows()
..Test End..

    Embedding As_a_user_I_should_be_able_to_find_price_options_for_shipments. [image/png 579666 bytes]

..Closing Chrome Browser Starts..
..Closing Chrome Browser End..
]]></system-out>
    <system-err><![CDATA[Jan 29, 2021 9:40:14 PM io.cucumber.testng.TestNGCucumberRunner <init>
WARNING: By default Cucumber is running in --non-strict mode.
This default will change to --strict and --non-strict will be removed.
You can use --strict or @CucumberOptions(strict = true) to suppress this warning
SLF4J: Failed to load class "org.slf4j.impl.StaticLoggerBinder".
SLF4J: Defaulting to no-operation (NOP) logger implementation
SLF4J: See http://www.slf4j.org/codes.html#StaticLoggerBinder for further details.
Starting ChromeDriver 88.0.4324.96 (68dba2d8a0b149a1d3afac56fa74648032bcf46b-refs/branch-heads/4324@{#1784}) on port 47042
Only local connections are allowed.
Please see https://chromedriver.chromium.org/security-considerations for suggestions on keeping ChromeDriver safe.
ChromeDriver was started successfully.
Jan 29, 2021 9:40:35 PM org.openqa.selenium.remote.ProtocolHandshake createSession
INFO: Detected dialect: W3C
]]></system-err>
  </testcase>
  <testcase name="runScenario[&quot;As a user I should be able to select product from all product .&quot;, &quot;Verify all product info feature&quot;](2)" classname="fedex.RunnerTest.FedExRunner$RunCucumberTest" time="25.308">
    <system-out><![CDATA[
@Sprint1
Scenario: As a user I should be able to select product from all product . # src/test/resources/Features/11AllProductInfo.feature:4
..Chrome Driver initialization..
..Chrome Driver initialized..
scen.getName()
  Given user landed on the home page                                      # fedex.StepDefinition.AllProductInfoStepDef.user_landed_on_the_home_page()
  When click on design and print menu and click on all product            # fedex.StepDefinition.AllProductInfoStepDef.click_on_design_and_print_menu_and_click_on_all_product()
  And click four times on carosel right arrow icon                        # fedex.StepDefinition.AllProductInfoStepDef.click_four_times_on_carosel_right_arrow_icon()
..Test End..
..Closing Chrome Browser Starts..
..Closing Chrome Browser End..
]]></system-out>
    <system-err><![CDATA[Starting ChromeDriver 88.0.4324.96 (68dba2d8a0b149a1d3afac56fa74648032bcf46b-refs/branch-heads/4324@{#1784}) on port 15869
Only local connections are allowed.
Please see https://chromedriver.chromium.org/security-considerations for suggestions on keeping ChromeDriver safe.
ChromeDriver was started successfully.
Jan 29, 2021 9:41:36 PM org.openqa.selenium.remote.ProtocolHandshake createSession
INFO: Detected dialect: W3C
]]></system-err>
  </testcase>
  <testcase name="runScenario[&quot;As a user, customer should be able to fillup FedEx signup Page&quot;, &quot;FedEx signup Page test&quot;](3)" classname="fedex.RunnerTest.FedExRunner$RunCucumberTest" time="27.85">
    <system-out><![CDATA[
@Sprint1
Scenario: As a user, customer should be able to fillup FedEx signup Page # src/test/resources/Features/1SignUP.feature:4
..Chrome Driver initialization..
..Chrome Driver initialized..
scen.getName()
  Given Customer launch in Home Page of the FedEx Website                # fedex.StepDefinition.SignUpStepDef.customer_launch_in_Home_Page_of_the_FedEx()
  When Customer click on Sign Up                                         # fedex.StepDefinition.SignUpStepDef.customer_click_on_Sign_Up()
  And click on Create Account                                            # fedex.StepDefinition.SignUpStepDef.click_on_Create_Account()
  And Click on Open Account                                              # fedex.StepDefinition.SignUpStepDef.click_on_Open_Account()
  And enter First Name and Last Name                                     # fedex.StepDefinition.SignUpStepDef.enter_First_Name_and_Last_Name()
  And enter E-mail Name and Re- enter e-mail                             # fedex.StepDefinition.SignUpStepDef.enter_E_mail_Name_and_Re_enter_e_mail()
  And enter Address and City                                             # fedex.StepDefinition.SignUpStepDef.enter_Address_and_City()
  And enter State                                                        # fedex.StepDefinition.SignUpStepDef.enter_State()
  And enter ZIP and Phone Number                                         # fedex.StepDefinition.SignUpStepDef.enter_ZIP_and_Phone_Number()
  And enter Address and City                                             # fedex.StepDefinition.SignUpStepDef.enter_Address_and_City()
  And enter Valid User ID, Password and Re-enter Password                # fedex.StepDefinition.SignUpStepDef.enter_Valid_User_ID_Password_and_Re_enter_Password()
  And Customer select a secret question and enter  answer                # fedex.StepDefinition.SignUpStepDef.customer_select_a_secret_question_and_enter_answer()
  And Customer accept terms and conditions                               # fedex.StepDefinition.SignUpStepDef.customer_accept_terms_and_conditions()
  And Customer clik on continue button                                   # fedex.StepDefinition.SignUpStepDef.Customer_clik_on_continue_button()
fedex.com Registration
  Then User should see the error message                                 # fedex.StepDefinition.SignUpStepDef.User_should_see_the_error_message()
..Test End..
..Closing Chrome Browser Starts..
..Closing Chrome Browser End..
]]></system-out>
    <system-err><![CDATA[Starting ChromeDriver 88.0.4324.96 (68dba2d8a0b149a1d3afac56fa74648032bcf46b-refs/branch-heads/4324@{#1784}) on port 44752
Only local connections are allowed.
Please see https://chromedriver.chromium.org/security-considerations for suggestions on keeping ChromeDriver safe.
ChromeDriver was started successfully.
Jan 29, 2021 9:41:58 PM org.openqa.selenium.remote.ProtocolHandshake createSession
INFO: Detected dialect: W3C
]]></system-err>
  </testcase>
  <testcase name="runScenario[&quot;As a user , Customer should be able to Login successfully&quot;, &quot;Verify Login page&quot;](4)" classname="fedex.RunnerTest.FedExRunner$RunCucumberTest" time="14.834">
    <system-out><![CDATA[
@Sprint1
Scenario Outline: As a user , Customer should be able to Login successfully # src/test/resources/Features/2FedExLogin.feature:13
..Chrome Driver initialization..
..Chrome Driver initialized..
scen.getName()
FedEx | Tracking, Shipping, and Locations
  Given Customer land on Fedex Homepage                                     # fedex.StepDefinition.LoginStepDef.customer_land_on_Fedex_Homepage()
  When customer clicks on Signup or login                                   # fedex.StepDefinition.LoginStepDef.customer_clicks_on_Signup_or_login()
  And customer enter as "Ruhi1234"                                          # fedex.StepDefinition.LoginStepDef.customer_enter_as(java.lang.String)
  And Customer enters "Crazy123"                                            # fedex.StepDefinition.LoginStepDef.customer_enters(java.lang.String)
  Then Customer able to Login Successfully                                  # fedex.StepDefinition.LoginStepDef.customer_able_to_Login_Successfully()
..Test End..
..Closing Chrome Browser Starts..
..Closing Chrome Browser End..
]]></system-out>
    <system-err><![CDATA[Starting ChromeDriver 88.0.4324.96 (68dba2d8a0b149a1d3afac56fa74648032bcf46b-refs/branch-heads/4324@{#1784}) on port 24802
Only local connections are allowed.
Please see https://chromedriver.chromium.org/security-considerations for suggestions on keeping ChromeDriver safe.
ChromeDriver was started successfully.
Jan 29, 2021 9:42:25 PM org.openqa.selenium.remote.ProtocolHandshake createSession
INFO: Detected dialect: W3C
]]></system-err>
  </testcase>
  <testcase name="runScenario[&quot;As a user , Customer should be able to Login successfully&quot;, &quot;Verify Login page&quot;](5)" classname="fedex.RunnerTest.FedExRunner$RunCucumberTest" time="17.479">
    <system-out><![CDATA[
@Sprint1
Scenario Outline: As a user , Customer should be able to Login successfully # src/test/resources/Features/2FedExLogin.feature:14
..Chrome Driver initialization..
..Chrome Driver initialized..
scen.getName()
FedEx | Tracking, Shipping, and Locations
  Given Customer land on Fedex Homepage                                     # fedex.StepDefinition.LoginStepDef.customer_land_on_Fedex_Homepage()
  When customer clicks on Signup or login                                   # fedex.StepDefinition.LoginStepDef.customer_clicks_on_Signup_or_login()
  And customer enter as "TalenTech"                                         # fedex.StepDefinition.LoginStepDef.customer_enter_as(java.lang.String)
  And Customer enters "TalenTech12"                                         # fedex.StepDefinition.LoginStepDef.customer_enters(java.lang.String)
  Then Customer able to Login Successfully                                  # fedex.StepDefinition.LoginStepDef.customer_able_to_Login_Successfully()
..Test End..
..Closing Chrome Browser Starts..
..Closing Chrome Browser End..
]]></system-out>
    <system-err><![CDATA[Starting ChromeDriver 88.0.4324.96 (68dba2d8a0b149a1d3afac56fa74648032bcf46b-refs/branch-heads/4324@{#1784}) on port 9545
Only local connections are allowed.
Please see https://chromedriver.chromium.org/security-considerations for suggestions on keeping ChromeDriver safe.
ChromeDriver was started successfully.
Jan 29, 2021 9:42:40 PM org.openqa.selenium.remote.ProtocolHandshake createSession
INFO: Detected dialect: W3C
]]></system-err>
  </testcase>
  <testcase name="runScenario[&quot;As a user, customer should be able to Track a Shipment&quot;, &quot;Tracking progress of shipment&quot;](6)" classname="fedex.RunnerTest.FedExRunner$RunCucumberTest" time="18.917">
    <system-out><![CDATA[
@Sprint1
Scenario Outline: As a user, customer should be able to Track a Shipment # src/test/resources/Features/3Tracking.feature:13
..Chrome Driver initialization..
..Chrome Driver initialized..
scen.getName()
  Given user navigate the homepage                                       # fedex.StepDefinition.TrackingStepDef.user_navigate_the_homepage()
  When click on print and tracking menu                                  # fedex.StepDefinition.TrackingStepDef.click_on_print_and_tracking_menu()
  And enter the tracking number as "782184933994"                        # fedex.StepDefinition.TrackingStepDef.enter_the_tracking_number_as(java.lang.String)
  And click on tracking button                                           # fedex.StepDefinition.TrackingStepDef.click_on_tracking_button()
  Then It shows tracking details                                         # fedex.StepDefinition.TrackingStepDef.it_shows_tracking_details()
..Test End..
..Closing Chrome Browser Starts..
..Closing Chrome Browser End..
]]></system-out>
    <system-err><![CDATA[Starting ChromeDriver 88.0.4324.96 (68dba2d8a0b149a1d3afac56fa74648032bcf46b-refs/branch-heads/4324@{#1784}) on port 46980
Only local connections are allowed.
Please see https://chromedriver.chromium.org/security-considerations for suggestions on keeping ChromeDriver safe.
ChromeDriver was started successfully.
Jan 29, 2021 9:42:58 PM org.openqa.selenium.remote.ProtocolHandshake createSession
INFO: Detected dialect: W3C
]]></system-err>
  </testcase>
  <testcase name="runScenario[&quot;As a user, customer should be able to Track a Shipment&quot;, &quot;Tracking progress of shipment&quot;](7)" classname="fedex.RunnerTest.FedExRunner$RunCucumberTest" time="17.961">
    <system-out><![CDATA[
@Sprint1
Scenario Outline: As a user, customer should be able to Track a Shipment # src/test/resources/Features/3Tracking.feature:14
..Chrome Driver initialization..
..Chrome Driver initialized..
scen.getName()
  Given user navigate the homepage                                       # fedex.StepDefinition.TrackingStepDef.user_navigate_the_homepage()
  When click on print and tracking menu                                  # fedex.StepDefinition.TrackingStepDef.click_on_print_and_tracking_menu()
  And enter the tracking number as "782929300150"                        # fedex.StepDefinition.TrackingStepDef.enter_the_tracking_number_as(java.lang.String)
  And click on tracking button                                           # fedex.StepDefinition.TrackingStepDef.click_on_tracking_button()
  Then It shows tracking details                                         # fedex.StepDefinition.TrackingStepDef.it_shows_tracking_details()
..Test End..
..Closing Chrome Browser Starts..
..Closing Chrome Browser End..
]]></system-out>
    <system-err><![CDATA[Starting ChromeDriver 88.0.4324.96 (68dba2d8a0b149a1d3afac56fa74648032bcf46b-refs/branch-heads/4324@{#1784}) on port 34274
Only local connections are allowed.
Please see https://chromedriver.chromium.org/security-considerations for suggestions on keeping ChromeDriver safe.
ChromeDriver was started successfully.
Jan 29, 2021 9:43:17 PM org.openqa.selenium.remote.ProtocolHandshake createSession
INFO: Detected dialect: W3C
]]></system-err>
  </testcase>
  <testcase name="runScenario[&quot;As a user, customer should be able to land on Create FedEx shipment page&quot;, &quot;FedEx Shipping page validation&quot;](8)" classname="fedex.RunnerTest.FedExRunner$RunCucumberTest" time="28.015">
    <failure message="no such element: Unable to locate element: {&quot;method&quot;:&quot;xpath&quot;,&quot;selector&quot;:&quot;/html/body/main/div/div[3]/div[4]/div/table[2]/thead/tr/th[4]/div[3]/div/a&quot;}&#10;  (Session info: chrome=88.0.4324.104)&#10;For documentation on this error, please visit: https://www.seleniumhq.org/exceptions/no_such_element.html&#10;Build info: version: &apos;3.141.59&apos;, revision: &apos;e82be7d358&apos;, time: &apos;2018-11-14T08:17:03&apos;&#10;System info: host: &apos;AHADUJJAMAN&apos;, ip: &apos;192.168.1.206&apos;, os.name: &apos;Windows 10&apos;, os.arch: &apos;amd64&apos;, os.version: &apos;10.0&apos;, java.version: &apos;1.8.0_111&apos;&#10;Driver info: org.openqa.selenium.chrome.ChromeDriver&#10;Capabilities {acceptInsecureCerts: false, browserName: chrome, browserVersion: 88.0.4324.104, chrome: {chromedriverVersion: 88.0.4324.96 (68dba2d8a0b14..., userDataDir: C:\Users\RONY\AppData\Local...}, goog:chromeOptions: {debuggerAddress: localhost:12069}, javascriptEnabled: true, networkConnectionEnabled: false, pageLoadStrategy: normal, platform: WINDOWS, platformName: WINDOWS, proxy: Proxy(), setWindowRect: true, strictFileInteractability: false, timeouts: {implicit: 0, pageLoad: 300000, script: 30000}, unhandledPromptBehavior: dismiss and notify, webauthn:extension:largeBlob: true, webauthn:virtualAuthenticators: true}&#10;Session ID: afa3cd87b116313ef6e196d82a4adb26&#10;*** Element info: {Using=xpath, value=/html/body/main/div/div[3]/div[4]/div/table[2]/thead/tr/th[4]/div[3]/div/a}" type="org.openqa.selenium.NoSuchElementException"><![CDATA[org.openqa.selenium.NoSuchElementException: 
no such element: Unable to locate element: {"method":"xpath","selector":"/html/body/main/div/div[3]/div[4]/div/table[2]/thead/tr/th[4]/div[3]/div/a"}
  (Session info: chrome=88.0.4324.104)
For documentation on this error, please visit: https://www.seleniumhq.org/exceptions/no_such_element.html
Build info: version: '3.141.59', revision: 'e82be7d358', time: '2018-11-14T08:17:03'
System info: host: 'AHADUJJAMAN', ip: '192.168.1.206', os.name: 'Windows 10', os.arch: 'amd64', os.version: '10.0', java.version: '1.8.0_111'
Driver info: org.openqa.selenium.chrome.ChromeDriver
Capabilities {acceptInsecureCerts: false, browserName: chrome, browserVersion: 88.0.4324.104, chrome: {chromedriverVersion: 88.0.4324.96 (68dba2d8a0b14..., userDataDir: C:\Users\RONY\AppData\Local...}, goog:chromeOptions: {debuggerAddress: localhost:12069}, javascriptEnabled: true, networkConnectionEnabled: false, pageLoadStrategy: normal, platform: WINDOWS, platformName: WINDOWS, proxy: Proxy(), setWindowRect: true, strictFileInteractability: false, timeouts: {implicit: 0, pageLoad: 300000, script: 30000}, unhandledPromptBehavior: dismiss and notify, webauthn:extension:largeBlob: true, webauthn:virtualAuthenticators: true}
Session ID: afa3cd87b116313ef6e196d82a4adb26
*** Element info: {Using=xpath, value=/html/body/main/div/div[3]/div[4]/div/table[2]/thead/tr/th[4]/div[3]/div/a}
]]></failure>
    <system-out><![CDATA[
@Sprint1
Scenario: As a user, customer should be able to land on Create FedEx shipment page # src/test/resources/Features/4Shipping.feature:4
..Chrome Driver initialization..
..Chrome Driver initialized..
scen.getName()
  Given User lands on FedEx homepage                                               # fedex.StepDefinition.ShippingStepDef.User_lands_on_FedEx_homepage()
  When click on return pkg                                                         # fedex.StepDefinition.ShippingStepDef.click_on_return_pkg()
      org.openqa.selenium.NoSuchElementException: no such element: Unable to locate element: {"method":"xpath","selector":"/html/body/main/div/div[3]/div[4]/div/table[2]/thead/tr/th[4]/div[3]/div/a"}
  (Session info: chrome=88.0.4324.104)
For documentation on this error, please visit: https://www.seleniumhq.org/exceptions/no_such_element.html
Build info: version: '3.141.59', revision: 'e82be7d358', time: '2018-11-14T08:17:03'
System info: host: 'AHADUJJAMAN', ip: '192.168.1.206', os.name: 'Windows 10', os.arch: 'amd64', os.version: '10.0', java.version: '1.8.0_111'
Driver info: org.openqa.selenium.chrome.ChromeDriver
Capabilities {acceptInsecureCerts: false, browserName: chrome, browserVersion: 88.0.4324.104, chrome: {chromedriverVersion: 88.0.4324.96 (68dba2d8a0b14..., userDataDir: C:\Users\RONY\AppData\Local...}, goog:chromeOptions: {debuggerAddress: localhost:12069}, javascriptEnabled: true, networkConnectionEnabled: false, pageLoadStrategy: normal, platform: WINDOWS, platformName: WINDOWS, proxy: Proxy(), setWindowRect: true, strictFileInteractability: false, timeouts: {implicit: 0, pageLoad: 300000, script: 30000}, unhandledPromptBehavior: dismiss and notify, webauthn:extension:largeBlob: true, webauthn:virtualAuthenticators: true}
Session ID: afa3cd87b116313ef6e196d82a4adb26
*** Element info: {Using=xpath, value=/html/body/main/div/div[3]/div[4]/div/table[2]/thead/tr/th[4]/div[3]/div/a}
	at sun.reflect.NativeConstructorAccessorImpl.newInstance0(Native Method)
	at sun.reflect.NativeConstructorAccessorImpl.newInstance(NativeConstructorAccessorImpl.java:62)
	at sun.reflect.DelegatingConstructorAccessorImpl.newInstance(DelegatingConstructorAccessorImpl.java:45)
	at java.lang.reflect.Constructor.newInstance(Constructor.java:423)
	at org.openqa.selenium.remote.http.W3CHttpResponseCodec.createException(W3CHttpResponseCodec.java:187)
	at org.openqa.selenium.remote.http.W3CHttpResponseCodec.decode(W3CHttpResponseCodec.java:122)
	at org.openqa.selenium.remote.http.W3CHttpResponseCodec.decode(W3CHttpResponseCodec.java:49)
	at org.openqa.selenium.remote.HttpCommandExecutor.execute(HttpCommandExecutor.java:158)
	at org.openqa.selenium.remote.service.DriverCommandExecutor.execute(DriverCommandExecutor.java:83)
	at org.openqa.selenium.remote.RemoteWebDriver.execute(RemoteWebDriver.java:552)
	at org.openqa.selenium.remote.RemoteWebDriver.findElement(RemoteWebDriver.java:323)
	at org.openqa.selenium.remote.RemoteWebDriver.findElementByXPath(RemoteWebDriver.java:428)
	at org.openqa.selenium.By$ByXPath.findElement(By.java:353)
	at org.openqa.selenium.remote.RemoteWebDriver.findElement(RemoteWebDriver.java:315)
	at org.openqa.selenium.support.pagefactory.DefaultElementLocator.findElement(DefaultElementLocator.java:69)
	at org.openqa.selenium.support.pagefactory.internal.LocatingElementHandler.invoke(LocatingElementHandler.java:38)
	at com.sun.proxy.$Proxy21.click(Unknown Source)
	at fedex.Actions.ShippingActions.returnPkg(ShippingActions.java:28)
	at fedex.StepDefinition.ShippingStepDef.click_on_return_pkg(ShippingStepDef.java:20)
	at ?.click on return pkg(file:///C:/Users/RONY/git/FedExFN/FedExProjectFN/src/test/resources/Features/4Shipping.feature:6)

  And scroll and click on create shipping label                                    # fedex.StepDefinition.ShippingStepDef.scroll_and_click_on_create_shipping_label()
  And Input your name and receipent name                                           # fedex.StepDefinition.ShippingStepDef.input_your_name_and_receipent_name()
  And click on continue                                                            # fedex.StepDefinition.ShippingStepDef.click_on_continue()
  Then shows error msg                                                             # fedex.StepDefinition.ShippingStepDef.shows_error_msg()
..Test End..

    Embedding As_a_user,_customer_should_be_able_to_land_on_Create_FedEx_shipment_page [image/png 1029836 bytes]

..Closing Chrome Browser Starts..
..Closing Chrome Browser End..
]]></system-out>
    <system-err><![CDATA[Starting ChromeDriver 88.0.4324.96 (68dba2d8a0b149a1d3afac56fa74648032bcf46b-refs/branch-heads/4324@{#1784}) on port 13663
Only local connections are allowed.
Please see https://chromedriver.chromium.org/security-considerations for suggestions on keeping ChromeDriver safe.
ChromeDriver was started successfully.
Jan 29, 2021 9:43:34 PM org.openqa.selenium.remote.ProtocolHandshake createSession
INFO: Detected dialect: W3C
]]></system-err>
  </testcase>
  <testcase name="runScenario[&quot;As a user , customer should be able to verify profile after create a print profile&quot;, &quot;Verify create a print profile&quot;](9)" classname="fedex.RunnerTest.FedExRunner$RunCucumberTest" time="48.516">
    <system-out><![CDATA[
@Sprint1
Scenario: As a user , customer should be able to verify profile after create a print profile                            # src/test/resources/Features/5CreatePrintProfile.feature:4
..Chrome Driver initialization..
..Chrome Driver initialized..
scen.getName()
  Given user navigate the url                                                                                           # fedex.StepDefinition.CreatePrintProfileStepDef.user_navigate_the_url()
  When click on print and design menu , select custom design template                                                   # fedex.StepDefinition.CreatePrintProfileStepDef.click_on_print_and_design_menu_select_custom_design_template()
  And click on sign up or log in , click on create a print profile link                                                 # fedex.StepDefinition.CreatePrintProfileStepDef.click_on_sign_up_or_log_in_click_on_create_a_print_profile_link()
  And enter first name , last name , email , phone number , user id ,password , confirm password ,check on terms of use # fedex.StepDefinition.CreatePrintProfileStepDef.enter_first_name_last_name_email_phone_number_user_id_password_confirm_password_check_on_terms_of_use()
  And click on submit button                                                                                            # fedex.StepDefinition.CreatePrintProfileStepDef.click_on_submit_button()
Create Profile | FedEx Office Print On Demand | FedEx Office

  Then Print Profile page should open                                                                                   # fedex.StepDefinition.CreatePrintProfileStepDef.Print_Profile_page_should_open()
..Test End..
..Closing Chrome Browser Starts..
..Closing Chrome Browser End..
]]></system-out>
    <system-err><![CDATA[Starting ChromeDriver 88.0.4324.96 (68dba2d8a0b149a1d3afac56fa74648032bcf46b-refs/branch-heads/4324@{#1784}) on port 47053
Only local connections are allowed.
Please see https://chromedriver.chromium.org/security-considerations for suggestions on keeping ChromeDriver safe.
ChromeDriver was started successfully.
Jan 29, 2021 9:44:03 PM org.openqa.selenium.remote.ProtocolHandshake createSession
INFO: Detected dialect: W3C
]]></system-err>
  </testcase>
  <testcase name="runScenario[&quot;As a user, customer should be able to Search tracking number in search icon&quot;, &quot;Verify Search icon&quot;](10)" classname="fedex.RunnerTest.FedExRunner$RunCucumberTest" time="20.655">
    <system-out><![CDATA[
@Sprint1
Scenario: As a user, customer should be able to Search tracking number in search icon # src/test/resources/Features/6SearchVerfy.feature:4
..Chrome Driver initialization..
..Chrome Driver initialized..
scen.getName()
  Given user navigate the url                                                         # fedex.StepDefinition.CreatePrintProfileStepDef.user_navigate_the_url()
  When I click on search icon                                                         # fedex.StepDefinition.SearchVerifyStepDef.i_click_on_search_icon()
  And Input tracking number                                                           # fedex.StepDefinition.SearchVerifyStepDef.input_tracking_number()
  And press enter                                                                     # fedex.StepDefinition.SearchVerifyStepDef.press_enter()
  Then displayed error msg                                                            # fedex.StepDefinition.SearchVerifyStepDef.displayed_error_msg()
..Test End..
..Closing Chrome Browser Starts..
..Closing Chrome Browser End..
]]></system-out>
    <system-err><![CDATA[Starting ChromeDriver 88.0.4324.96 (68dba2d8a0b149a1d3afac56fa74648032bcf46b-refs/branch-heads/4324@{#1784}) on port 37424
Only local connections are allowed.
Please see https://chromedriver.chromium.org/security-considerations for suggestions on keeping ChromeDriver safe.
ChromeDriver was started successfully.
Jan 29, 2021 9:44:56 PM org.openqa.selenium.remote.ProtocolHandshake createSession
INFO: Detected dialect: W3C
]]></system-err>
  </testcase>
  <testcase name="runScenario[&quot;As a user I should be able change Language as I need&quot;, &quot;Verify Language Chnage&quot;](11)" classname="fedex.RunnerTest.FedExRunner$RunCucumberTest" time="18.798">
    <system-out><![CDATA[
@Sprint1
Scenario: As a user I should be able change Language as I need # src/test/resources/Features/7Language.feature:4
..Chrome Driver initialization..
..Chrome Driver initialized..
scen.getName()
  Given customer is in homepage                                # fedex.StepDefinition.LanguageStepDef.customer_is_in_homepage()
  When scroll end of the page and click on language            # fedex.StepDefinition.LanguageStepDef.scroll_end_of_the_page_and_click_on_language()
  And select espaniol                                          # fedex.StepDefinition.LanguageStepDef.select_espaniol()
  Then displayed spanish language                              # fedex.StepDefinition.LanguageStepDef.displayed_spanish_language()
..Test End..
..Closing Chrome Browser Starts..
..Closing Chrome Browser End..
]]></system-out>
    <system-err><![CDATA[Starting ChromeDriver 88.0.4324.96 (68dba2d8a0b149a1d3afac56fa74648032bcf46b-refs/branch-heads/4324@{#1784}) on port 39594
Only local connections are allowed.
Please see https://chromedriver.chromium.org/security-considerations for suggestions on keeping ChromeDriver safe.
ChromeDriver was started successfully.
Jan 29, 2021 9:45:11 PM org.openqa.selenium.remote.ProtocolHandshake createSession
INFO: Detected dialect: W3C
]]></system-err>
  </testcase>
  <testcase name="runScenario[&quot;As a user , customer should be able to go back from about page to hame page&quot;, &quot;Verify navigate back and forth among pages&quot;](12)" classname="fedex.RunnerTest.FedExRunner$RunCucumberTest" time="26.662">
    <system-out><![CDATA[
@Sprint1
Scenario: As a user , customer should be able to go back from about page to hame page # src/test/resources/Features/8PageBackandForth.feature:3
..Chrome Driver initialization..
..Chrome Driver initialized..
scen.getName()
  Given Customer launch in  Home Page of the FedEx                                    # fedex.StepDefinition.PageBackandForthStepDef.customer_launch_in_FedEx_Home_Page_https_www_fedex_com_en_us_home_html()
  When scroll end of the page and click on aboutFedex link                            # fedex.StepDefinition.PageBackandForthStepDef.scroll_end_of_the_page_and_click_on_aboutFedex_link()
  And click on see full story button and go back                                      # fedex.StepDefinition.PageBackandForthStepDef.click_on_see_full_story_button_and_go_back()
FedEx | Tracking, Shipping, and Locations
  Then user should be see home page                                                   # fedex.StepDefinition.PageBackandForthStepDef.user_should_be_see_home_page()
..Test End..
..Closing Chrome Browser Starts..
..Closing Chrome Browser End..
]]></system-out>
    <system-err><![CDATA[Starting ChromeDriver 88.0.4324.96 (68dba2d8a0b149a1d3afac56fa74648032bcf46b-refs/branch-heads/4324@{#1784}) on port 19508
Only local connections are allowed.
Please see https://chromedriver.chromium.org/security-considerations for suggestions on keeping ChromeDriver safe.
ChromeDriver was started successfully.
Jan 29, 2021 9:45:29 PM org.openqa.selenium.remote.ProtocolHandshake createSession
INFO: Detected dialect: W3C
]]></system-err>
  </testcase>
  <testcase name="runScenario[&quot;As a user , customer should be able to see cupon pdf file&quot;, &quot;verify Cupon pdf feature&quot;](13)" classname="fedex.RunnerTest.FedExRunner$RunCucumberTest" time="17.75">
    <system-out><![CDATA[
@Sprint1
Scenario: As a user , customer should be able to see cupon pdf file # src/test/resources/Features/9CoupnPDF.feature:3
..Chrome Driver initialization..
..Chrome Driver initialized..
scen.getName()
  Given user navigate the url of fedex                              # fedex.StepDefinition.CouponPdfStepDef.user_navigate_the_url_of_fedex()
  When click on print and design menu , select get cupon and deals  # fedex.StepDefinition.CouponPdfStepDef.click_on_print_and_design_menu_select_get_cupon_and_deals()
  And click on get cupon button                                     # fedex.StepDefinition.CouponPdfStepDef.click_on_get_cupon_button()
Save now with FedEx coupons and offers.
  Then Pdf file in new window should open                           # fedex.StepDefinition.CouponPdfStepDef.Pdf_file_in_new_window_should_open()
..Test End..
..Closing Chrome Browser Starts..
..Closing Chrome Browser End..
]]></system-out>
    <system-err><![CDATA[Starting ChromeDriver 88.0.4324.96 (68dba2d8a0b149a1d3afac56fa74648032bcf46b-refs/branch-heads/4324@{#1784}) on port 45780
Only local connections are allowed.
Please see https://chromedriver.chromium.org/security-considerations for suggestions on keeping ChromeDriver safe.
ChromeDriver was started successfully.
Jan 29, 2021 9:45:56 PM org.openqa.selenium.remote.ProtocolHandshake createSession
INFO: Detected dialect: W3C
]]></system-err>
  </testcase>
</testsuite>