<?xml version="1.0" encoding="UTF-8"?>
<testng-results skipped="0" failed="2" ignored="0" total="13" passed="11">
  <reporter-output>
  </reporter-output>
  <suite name="Surefire suite" duration-ms="359241" started-at="2021-01-29T21:40:14 EST" finished-at="2021-01-29T21:46:13 EST">
    <groups>
      <group name="cucumber">
        <method signature="AbstractTestNGCucumberTests.runScenario(io.cucumber.testng.PickleWrapper, io.cucumber.testng.FeatureWrapper)[pri:0, instance:fedex.RunnerTest.FedExRunner$RunCucumberTest@51cdd8a]" name="runScenario" class="io.cucumber.testng.AbstractTestNGCucumberTests"/>
      </group> <!-- cucumber -->
    </groups>
    <test name="Surefire test" duration-ms="359241" started-at="2021-01-29T21:40:14 EST" finished-at="2021-01-29T21:46:13 EST">
      <class name="fedex.RunnerTest.FedExRunner$RunCucumberTest">
        <test-method status="PASS" signature="setUpClass()[pri:0, instance:fedex.RunnerTest.FedExRunner$RunCucumberTest@51cdd8a]" name="setUpClass" is-config="true" duration-ms="1351" started-at="2021-01-29T21:40:14 EST" finished-at="2021-01-29T21:40:16 EST">
          <reporter-output>
          </reporter-output>
        </test-method> <!-- setUpClass -->
        <test-method status="FAIL" signature="runScenario(io.cucumber.testng.PickleWrapper, io.cucumber.testng.FeatureWrapper)[pri:0, instance:fedex.RunnerTest.FedExRunner$RunCucumberTest@51cdd8a]" name="runScenario" duration-ms="73189" started-at="2021-01-29T21:40:16 EST" description="Runs Cucumber Scenarios" data-provider="scenarios" finished-at="2021-01-29T21:41:29 EST">
          <params>
            <param index="0">
              <value>
                <![CDATA["As a user I should be able to find price options for shipments."]]>
              </value>
            </param>
            <param index="1">
              <value>
                <![CDATA["Verify price quotes and available options for shipments"]]>
              </value>
            </param>
          </params>
          <exception class="org.openqa.selenium.NoSuchElementException">
            <message>
              <![CDATA[no such element: Unable to locate element: {"method":"xpath","selector":"//*[@id="shippingToResidenceAddressLabel"]"}
  (Session info: chrome=88.0.4324.104)
For documentation on this error, please visit: https://www.seleniumhq.org/exceptions/no_such_element.html
Build info: version: '3.141.59', revision: 'e82be7d358', time: '2018-11-14T08:17:03'
System info: host: 'AHADUJJAMAN', ip: '192.168.1.206', os.name: 'Windows 10', os.arch: 'amd64', os.version: '10.0', java.version: '1.8.0_111'
Driver info: org.openqa.selenium.chrome.ChromeDriver
Capabilities {acceptInsecureCerts: false, browserName: chrome, browserVersion: 88.0.4324.104, chrome: {chromedriverVersion: 88.0.4324.96 (68dba2d8a0b14..., userDataDir: C:\Users\RONY\AppData\Local...}, goog:chromeOptions: {debuggerAddress: localhost:11519}, javascriptEnabled: true, networkConnectionEnabled: false, pageLoadStrategy: normal, platform: WINDOWS, platformName: WINDOWS, proxy: Proxy(), setWindowRect: true, strictFileInteractability: false, timeouts: {implicit: 0, pageLoad: 300000, script: 30000}, unhandledPromptBehavior: dismiss and notify, webauthn:extension:largeBlob: true, webauthn:virtualAuthenticators: true}
Session ID: 36c6eb6e0f9931140e3512e752e915a5
*** Element info: {Using=xpath, value=//*[@id="shippingToResidenceAddressLabel"]}]]>
            </message>
            <full-stacktrace>
              <![CDATA[org.openqa.selenium.NoSuchElementException: no such element: Unable to locate element: {"method":"xpath","selector":"//*[@id="shippingToResidenceAddressLabel"]"}
  (Session info: chrome=88.0.4324.104)
For documentation on this error, please visit: https://www.seleniumhq.org/exceptions/no_such_element.html
Build info: version: '3.141.59', revision: 'e82be7d358', time: '2018-11-14T08:17:03'
System info: host: 'AHADUJJAMAN', ip: '192.168.1.206', os.name: 'Windows 10', os.arch: 'amd64', os.version: '10.0', java.version: '1.8.0_111'
Driver info: org.openqa.selenium.chrome.ChromeDriver
Capabilities {acceptInsecureCerts: false, browserName: chrome, browserVersion: 88.0.4324.104, chrome: {chromedriverVersion: 88.0.4324.96 (68dba2d8a0b14..., userDataDir: C:\Users\RONY\AppData\Local...}, goog:chromeOptions: {debuggerAddress: localhost:11519}, javascriptEnabled: true, networkConnectionEnabled: false, pageLoadStrategy: normal, platform: WINDOWS, platformName: WINDOWS, proxy: Proxy(), setWindowRect: true, strictFileInteractability: false, timeouts: {implicit: 0, pageLoad: 300000, script: 30000}, unhandledPromptBehavior: dismiss and notify, webauthn:extension:largeBlob: true, webauthn:virtualAuthenticators: true}
Session ID: 36c6eb6e0f9931140e3512e752e915a5
*** Element info: {Using=xpath, value=//*[@id="shippingToResidenceAddressLabel"]}
at sun.reflect.NativeConstructorAccessorImpl.newInstance0(Native Method)
at sun.reflect.NativeConstructorAccessorImpl.newInstance(NativeConstructorAccessorImpl.java:62)
at sun.reflect.DelegatingConstructorAccessorImpl.newInstance(DelegatingConstructorAccessorImpl.java:45)
at java.lang.reflect.Constructor.newInstance(Constructor.java:423)
at org.openqa.selenium.remote.http.W3CHttpResponseCodec.createException(W3CHttpResponseCodec.java:187)
at org.openqa.selenium.remote.http.W3CHttpResponseCodec.decode(W3CHttpResponseCodec.java:122)
at org.openqa.selenium.remote.http.W3CHttpResponseCodec.decode(W3CHttpResponseCodec.java:49)
at org.openqa.selenium.remote.HttpCommandExecutor.execute(HttpCommandExecutor.java:158)
at org.openqa.selenium.remote.service.DriverCommandExecutor.execute(DriverCommandExecutor.java:83)
at org.openqa.selenium.remote.RemoteWebDriver.execute(RemoteWebDriver.java:552)
at org.openqa.selenium.remote.RemoteWebDriver.findElement(RemoteWebDriver.java:323)
at org.openqa.selenium.remote.RemoteWebDriver.findElementByXPath(RemoteWebDriver.java:428)
at org.openqa.selenium.By$ByXPath.findElement(By.java:353)
at org.openqa.selenium.remote.RemoteWebDriver.findElement(RemoteWebDriver.java:315)
at org.openqa.selenium.support.pagefactory.DefaultElementLocator.findElement(DefaultElementLocator.java:69)
at org.openqa.selenium.support.pagefactory.internal.LocatingElementHandler.invoke(LocatingElementHandler.java:38)
at com.sun.proxy.$Proxy21.isDisplayed(Unknown Source)
at fedex.Actions.ShipRateActions.check(ShipRateActions.java:56)
at fedex.StepDefinition.ShipRateStepDef.click_on_checkbox(ShipRateStepDef.java:26)
at ✽.click on checkbox(file:///C:/Users/RONY/git/FedExFN/FedExProjectFN/src/test/resources/Features/10ShipRate.feature:7)
]]>
            </full-stacktrace>
          </exception> <!-- org.openqa.selenium.NoSuchElementException -->
          <reporter-output>
          </reporter-output>
        </test-method> <!-- runScenario -->
        <test-method status="PASS" signature="runScenario(io.cucumber.testng.PickleWrapper, io.cucumber.testng.FeatureWrapper)[pri:0, instance:fedex.RunnerTest.FedExRunner$RunCucumberTest@51cdd8a]" name="runScenario" duration-ms="25323" started-at="2021-01-29T21:41:29 EST" description="Runs Cucumber Scenarios" data-provider="scenarios" finished-at="2021-01-29T21:41:54 EST">
          <params>
            <param index="0">
              <value>
                <![CDATA["As a user I should be able to select product from all product ."]]>
              </value>
            </param>
            <param index="1">
              <value>
                <![CDATA["Verify all product info feature"]]>
              </value>
            </param>
          </params>
          <reporter-output>
          </reporter-output>
        </test-method> <!-- runScenario -->
        <test-method status="PASS" signature="runScenario(io.cucumber.testng.PickleWrapper, io.cucumber.testng.FeatureWrapper)[pri:0, instance:fedex.RunnerTest.FedExRunner$RunCucumberTest@51cdd8a]" name="runScenario" duration-ms="27933" started-at="2021-01-29T21:41:54 EST" description="Runs Cucumber Scenarios" data-provider="scenarios" finished-at="2021-01-29T21:42:22 EST">
          <params>
            <param index="0">
              <value>
                <![CDATA["As a user, customer should be able to fillup FedEx signup Page"]]>
              </value>
            </param>
            <param index="1">
              <value>
                <![CDATA["FedEx signup Page test"]]>
              </value>
            </param>
          </params>
          <reporter-output>
          </reporter-output>
        </test-method> <!-- runScenario -->
        <test-method status="PASS" signature="runScenario(io.cucumber.testng.PickleWrapper, io.cucumber.testng.FeatureWrapper)[pri:0, instance:fedex.RunnerTest.FedExRunner$RunCucumberTest@51cdd8a]" name="runScenario" duration-ms="14845" started-at="2021-01-29T21:42:22 EST" description="Runs Cucumber Scenarios" data-provider="scenarios" finished-at="2021-01-29T21:42:37 EST">
          <params>
            <param index="0">
              <value>
                <![CDATA["As a user , Customer should be able to Login successfully"]]>
              </value>
            </param>
            <param index="1">
              <value>
                <![CDATA["Verify Login page"]]>
              </value>
            </param>
          </params>
          <reporter-output>
          </reporter-output>
        </test-method> <!-- runScenario -->
        <test-method status="PASS" signature="runScenario(io.cucumber.testng.PickleWrapper, io.cucumber.testng.FeatureWrapper)[pri:0, instance:fedex.RunnerTest.FedExRunner$RunCucumberTest@51cdd8a]" name="runScenario" duration-ms="17468" started-at="2021-01-29T21:42:37 EST" description="Runs Cucumber Scenarios" data-provider="scenarios" finished-at="2021-01-29T21:42:54 EST">
          <params>
            <param index="0">
              <value>
                <![CDATA["As a user , Customer should be able to Login successfully"]]>
              </value>
            </param>
            <param index="1">
              <value>
                <![CDATA["Verify Login page"]]>
              </value>
            </param>
          </params>
          <reporter-output>
          </reporter-output>
        </test-method> <!-- runScenario -->
        <test-method status="PASS" signature="runScenario(io.cucumber.testng.PickleWrapper, io.cucumber.testng.FeatureWrapper)[pri:0, instance:fedex.RunnerTest.FedExRunner$RunCucumberTest@51cdd8a]" name="runScenario" duration-ms="18926" started-at="2021-01-29T21:42:54 EST" description="Runs Cucumber Scenarios" data-provider="scenarios" finished-at="2021-01-29T21:43:13 EST">
          <params>
            <param index="0">
              <value>
                <![CDATA["As a user, customer should be able to Track a Shipment"]]>
              </value>
            </param>
            <param index="1">
              <value>
                <![CDATA["Tracking progress of shipment"]]>
              </value>
            </param>
          </params>
          <reporter-output>
          </reporter-output>
        </test-method> <!-- runScenario -->
        <test-method status="PASS" signature="runScenario(io.cucumber.testng.PickleWrapper, io.cucumber.testng.FeatureWrapper)[pri:0, instance:fedex.RunnerTest.FedExRunner$RunCucumberTest@51cdd8a]" name="runScenario" duration-ms="17936" started-at="2021-01-29T21:43:13 EST" description="Runs Cucumber Scenarios" data-provider="scenarios" finished-at="2021-01-29T21:43:31 EST">
          <params>
            <param index="0">
              <value>
                <![CDATA["As a user, customer should be able to Track a Shipment"]]>
              </value>
            </param>
            <param index="1">
              <value>
                <![CDATA["Tracking progress of shipment"]]>
              </value>
            </param>
          </params>
          <reporter-output>
          </reporter-output>
        </test-method> <!-- runScenario -->
        <test-method status="FAIL" signature="runScenario(io.cucumber.testng.PickleWrapper, io.cucumber.testng.FeatureWrapper)[pri:0, instance:fedex.RunnerTest.FedExRunner$RunCucumberTest@51cdd8a]" name="runScenario" duration-ms="28004" started-at="2021-01-29T21:43:31 EST" description="Runs Cucumber Scenarios" data-provider="scenarios" finished-at="2021-01-29T21:43:59 EST">
          <params>
            <param index="0">
              <value>
                <![CDATA["As a user, customer should be able to land on Create FedEx shipment page"]]>
              </value>
            </param>
            <param index="1">
              <value>
                <![CDATA["FedEx Shipping page validation"]]>
              </value>
            </param>
          </params>
          <exception class="org.openqa.selenium.NoSuchElementException">
            <message>
              <![CDATA[no such element: Unable to locate element: {"method":"xpath","selector":"/html/body/main/div/div[3]/div[4]/div/table[2]/thead/tr/th[4]/div[3]/div/a"}
  (Session info: chrome=88.0.4324.104)
For documentation on this error, please visit: https://www.seleniumhq.org/exceptions/no_such_element.html
Build info: version: '3.141.59', revision: 'e82be7d358', time: '2018-11-14T08:17:03'
System info: host: 'AHADUJJAMAN', ip: '192.168.1.206', os.name: 'Windows 10', os.arch: 'amd64', os.version: '10.0', java.version: '1.8.0_111'
Driver info: org.openqa.selenium.chrome.ChromeDriver
Capabilities {acceptInsecureCerts: false, browserName: chrome, browserVersion: 88.0.4324.104, chrome: {chromedriverVersion: 88.0.4324.96 (68dba2d8a0b14..., userDataDir: C:\Users\RONY\AppData\Local...}, goog:chromeOptions: {debuggerAddress: localhost:12069}, javascriptEnabled: true, networkConnectionEnabled: false, pageLoadStrategy: normal, platform: WINDOWS, platformName: WINDOWS, proxy: Proxy(), setWindowRect: true, strictFileInteractability: false, timeouts: {implicit: 0, pageLoad: 300000, script: 30000}, unhandledPromptBehavior: dismiss and notify, webauthn:extension:largeBlob: true, webauthn:virtualAuthenticators: true}
Session ID: afa3cd87b116313ef6e196d82a4adb26
*** Element info: {Using=xpath, value=/html/body/main/div/div[3]/div[4]/div/table[2]/thead/tr/th[4]/div[3]/div/a}]]>
            </message>
            <full-stacktrace>
              <![CDATA[org.openqa.selenium.NoSuchElementException: no such element: Unable to locate element: {"method":"xpath","selector":"/html/body/main/div/div[3]/div[4]/div/table[2]/thead/tr/th[4]/div[3]/div/a"}
  (Session info: chrome=88.0.4324.104)
For documentation on this error, please visit: https://www.seleniumhq.org/exceptions/no_such_element.html
Build info: version: '3.141.59', revision: 'e82be7d358', time: '2018-11-14T08:17:03'
System info: host: 'AHADUJJAMAN', ip: '192.168.1.206', os.name: 'Windows 10', os.arch: 'amd64', os.version: '10.0', java.version: '1.8.0_111'
Driver info: org.openqa.selenium.chrome.ChromeDriver
Capabilities {acceptInsecureCerts: false, browserName: chrome, browserVersion: 88.0.4324.104, chrome: {chromedriverVersion: 88.0.4324.96 (68dba2d8a0b14..., userDataDir: C:\Users\RONY\AppData\Local...}, goog:chromeOptions: {debuggerAddress: localhost:12069}, javascriptEnabled: true, networkConnectionEnabled: false, pageLoadStrategy: normal, platform: WINDOWS, platformName: WINDOWS, proxy: Proxy(), setWindowRect: true, strictFileInteractability: false, timeouts: {implicit: 0, pageLoad: 300000, script: 30000}, unhandledPromptBehavior: dismiss and notify, webauthn:extension:largeBlob: true, webauthn:virtualAuthenticators: true}
Session ID: afa3cd87b116313ef6e196d82a4adb26
*** Element info: {Using=xpath, value=/html/body/main/div/div[3]/div[4]/div/table[2]/thead/tr/th[4]/div[3]/div/a}
at sun.reflect.NativeConstructorAccessorImpl.newInstance0(Native Method)
at sun.reflect.NativeConstructorAccessorImpl.newInstance(NativeConstructorAccessorImpl.java:62)
at sun.reflect.DelegatingConstructorAccessorImpl.newInstance(DelegatingConstructorAccessorImpl.java:45)
at java.lang.reflect.Constructor.newInstance(Constructor.java:423)
at org.openqa.selenium.remote.http.W3CHttpResponseCodec.createException(W3CHttpResponseCodec.java:187)
at org.openqa.selenium.remote.http.W3CHttpResponseCodec.decode(W3CHttpResponseCodec.java:122)
at org.openqa.selenium.remote.http.W3CHttpResponseCodec.decode(W3CHttpResponseCodec.java:49)
at org.openqa.selenium.remote.HttpCommandExecutor.execute(HttpCommandExecutor.java:158)
at org.openqa.selenium.remote.service.DriverCommandExecutor.execute(DriverCommandExecutor.java:83)
at org.openqa.selenium.remote.RemoteWebDriver.execute(RemoteWebDriver.java:552)
at org.openqa.selenium.remote.RemoteWebDriver.findElement(RemoteWebDriver.java:323)
at org.openqa.selenium.remote.RemoteWebDriver.findElementByXPath(RemoteWebDriver.java:428)
at org.openqa.selenium.By$ByXPath.findElement(By.java:353)
at org.openqa.selenium.remote.RemoteWebDriver.findElement(RemoteWebDriver.java:315)
at org.openqa.selenium.support.pagefactory.DefaultElementLocator.findElement(DefaultElementLocator.java:69)
at org.openqa.selenium.support.pagefactory.internal.LocatingElementHandler.invoke(LocatingElementHandler.java:38)
at com.sun.proxy.$Proxy21.click(Unknown Source)
at fedex.Actions.ShippingActions.returnPkg(ShippingActions.java:28)
at fedex.StepDefinition.ShippingStepDef.click_on_return_pkg(ShippingStepDef.java:20)
at ✽.click on return pkg(file:///C:/Users/RONY/git/FedExFN/FedExProjectFN/src/test/resources/Features/4Shipping.feature:6)
]]>
            </full-stacktrace>
          </exception> <!-- org.openqa.selenium.NoSuchElementException -->
          <reporter-output>
          </reporter-output>
        </test-method> <!-- runScenario -->
        <test-method status="PASS" signature="runScenario(io.cucumber.testng.PickleWrapper, io.cucumber.testng.FeatureWrapper)[pri:0, instance:fedex.RunnerTest.FedExRunner$RunCucumberTest@51cdd8a]" name="runScenario" duration-ms="48550" started-at="2021-01-29T21:43:59 EST" description="Runs Cucumber Scenarios" data-provider="scenarios" finished-at="2021-01-29T21:44:48 EST">
          <params>
            <param index="0">
              <value>
                <![CDATA["As a user , customer should be able to verify profile after create a print profile"]]>
              </value>
            </param>
            <param index="1">
              <value>
                <![CDATA["Verify create a print profile"]]>
              </value>
            </param>
          </params>
          <reporter-output>
          </reporter-output>
        </test-method> <!-- runScenario -->
        <test-method status="PASS" signature="runScenario(io.cucumber.testng.PickleWrapper, io.cucumber.testng.FeatureWrapper)[pri:0, instance:fedex.RunnerTest.FedExRunner$RunCucumberTest@51cdd8a]" name="runScenario" duration-ms="20632" started-at="2021-01-29T21:44:48 EST" description="Runs Cucumber Scenarios" data-provider="scenarios" finished-at="2021-01-29T21:45:08 EST">
          <params>
            <param index="0">
              <value>
                <![CDATA["As a user, customer should be able to Search tracking number in search icon"]]>
              </value>
            </param>
            <param index="1">
              <value>
                <![CDATA["Verify Search icon"]]>
              </value>
            </param>
          </params>
          <reporter-output>
          </reporter-output>
        </test-method> <!-- runScenario -->
        <test-method status="PASS" signature="runScenario(io.cucumber.testng.PickleWrapper, io.cucumber.testng.FeatureWrapper)[pri:0, instance:fedex.RunnerTest.FedExRunner$RunCucumberTest@51cdd8a]" name="runScenario" duration-ms="18814" started-at="2021-01-29T21:45:08 EST" description="Runs Cucumber Scenarios" data-provider="scenarios" finished-at="2021-01-29T21:45:27 EST">
          <params>
            <param index="0">
              <value>
                <![CDATA["As a user I should be able change Language as I need"]]>
              </value>
            </param>
            <param index="1">
              <value>
                <![CDATA["Verify Language Chnage"]]>
              </value>
            </param>
          </params>
          <reporter-output>
          </reporter-output>
        </test-method> <!-- runScenario -->
        <test-method status="PASS" signature="runScenario(io.cucumber.testng.PickleWrapper, io.cucumber.testng.FeatureWrapper)[pri:0, instance:fedex.RunnerTest.FedExRunner$RunCucumberTest@51cdd8a]" name="runScenario" duration-ms="26645" started-at="2021-01-29T21:45:27 EST" description="Runs Cucumber Scenarios" data-provider="scenarios" finished-at="2021-01-29T21:45:54 EST">
          <params>
            <param index="0">
              <value>
                <![CDATA["As a user , customer should be able to go back from about page to hame page"]]>
              </value>
            </param>
            <param index="1">
              <value>
                <![CDATA["Verify navigate back and forth among pages"]]>
              </value>
            </param>
          </params>
          <reporter-output>
          </reporter-output>
        </test-method> <!-- runScenario -->
        <test-method status="PASS" signature="runScenario(io.cucumber.testng.PickleWrapper, io.cucumber.testng.FeatureWrapper)[pri:0, instance:fedex.RunnerTest.FedExRunner$RunCucumberTest@51cdd8a]" name="runScenario" duration-ms="17762" started-at="2021-01-29T21:45:54 EST" description="Runs Cucumber Scenarios" data-provider="scenarios" finished-at="2021-01-29T21:46:12 EST">
          <params>
            <param index="0">
              <value>
                <![CDATA["As a user , customer should be able to see cupon pdf file"]]>
              </value>
            </param>
            <param index="1">
              <value>
                <![CDATA["verify Cupon pdf feature"]]>
              </value>
            </param>
          </params>
          <reporter-output>
          </reporter-output>
        </test-method> <!-- runScenario -->
        <test-method status="PASS" signature="tearDownClass()[pri:0, instance:fedex.RunnerTest.FedExRunner$RunCucumberTest@51cdd8a]" name="tearDownClass" is-config="true" duration-ms="1780" started-at="2021-01-29T21:46:12 EST" finished-at="2021-01-29T21:46:13 EST">
          <reporter-output>
          </reporter-output>
        </test-method> <!-- tearDownClass -->
      </class> <!-- fedex.RunnerTest.FedExRunner$RunCucumberTest -->
    </test> <!-- Surefire test -->
  </suite> <!-- Surefire suite -->
</testng-results>
